<?xml version="1.0" encoding="UTF-8"?>
<!-- Generated by org.testng.reporters.JUnitReportReporter -->
<testsuite hostname="DSIBANDA-DESK" failures="0" tests="1" name="com.auto.tests.LoginTest" time="0.008" errors="0" timestamp="2020-06-26T17:37:56 BST" skipped="0">
  <testcase classname="com.auto.tests.LoginTest" name="Login_PBI_12345" time="0.008"/>
  <system-out/>
</testsuite> <!-- com.auto.tests.LoginTest -->
